[debug] [2021-07-24T11:09:47.791Z] ----------------------------------------------------------------------
[debug] [2021-07-24T11:09:47.794Z] Command:       C:\Program Files\nodejs\node.exe C:\Users\ADITI\AppData\Roaming\npm\node_modules\firebase-tools\lib\bin\firebase.js init
[debug] [2021-07-24T11:09:47.794Z] CLI Version:   9.16.0
[debug] [2021-07-24T11:09:47.794Z] Platform:      win32
[debug] [2021-07-24T11:09:47.794Z] Node Version:  v14.17.2
[debug] [2021-07-24T11:09:47.796Z] Time:          Sat Jul 24 2021 16:39:47 GMT+0530 (India Standard Time)
[debug] [2021-07-24T11:09:47.796Z] ----------------------------------------------------------------------
[debug] 
[debug] [2021-07-24T11:09:47.888Z] > command requires scopes: ["email","openid","https://www.googleapis.com/auth/cloudplatformprojects.readonly","https://www.googleapis.com/auth/firebase","https://www.googleapis.com/auth/cloud-platform"]
[debug] [2021-07-24T11:09:47.888Z] > authorizing via signed-in user (aditiyadav@mctrgit.ac.in)
[info] 
     ######## #### ########  ######## ########     ###     ######  ########
     ##        ##  ##     ## ##       ##     ##  ##   ##  ##       ##
     ######    ##  ########  ######   ########  #########  ######  ######
     ##        ##  ##    ##  ##       ##     ## ##     ##       ## ##
     ##       #### ##     ## ######## ########  ##     ##  ######  ########

You're about to initialize a Firebase project in this directory:

  C:\Users\ADITI\OneDrive\Desktop\React\Chatting-application\chatting-app

Before we get started, keep in mind:

  * You are initializing within an existing Firebase project directory

[info] 
=== Project Setup
[info] 
[info] First, let's associate this project directory with a Firebase project.
[info] You can create multiple project aliases by running firebase use --add, 
[info] but for now we'll just set up a default project.
[info] 
[info] i  .firebaserc already has a default project, using chatting-application-92cca. 
[debug] [2021-07-24T11:09:59.300Z] >>> [apiv2][query] GET https://firebase.googleapis.com/v1beta1/projects/chatting-application-92cca [none]
[debug] [2021-07-24T11:09:59.710Z] <<< [apiv2][status] GET https://firebase.googleapis.com/v1beta1/projects/chatting-application-92cca 200
[debug] [2021-07-24T11:09:59.710Z] <<< [apiv2][body] GET https://firebase.googleapis.com/v1beta1/projects/chatting-application-92cca {"projectId":"chatting-application-92cca","projectNumber":"929741493800","displayName":"Chatting-Application","name":"projects/chatting-application-92cca","resources":{"hostingSite":"chatting-application-92cca","storageBucket":"chatting-application-92cca.appspot.com","locationId":"us-central"},"state":"ACTIVE"}
[info] 
=== Functions Setup
[info] 
[info] A functions directory will be created in your project with sample code
[info] pre-configured. Functions can be deployed with firebase deploy.
[info] 
[debug] [2021-07-24T11:09:59.713Z] > command requires scopes: ["email","openid","https://www.googleapis.com/auth/cloudplatformprojects.readonly","https://www.googleapis.com/auth/firebase","https://www.googleapis.com/auth/cloud-platform"]
[debug] [2021-07-24T11:09:59.713Z] > authorizing via signed-in user (aditiyadav@mctrgit.ac.in)
[debug] [2021-07-24T11:09:59.713Z] [iam] checking project chatting-application-92cca for permissions ["firebase.projects.get"]
[debug] [2021-07-24T11:09:59.715Z] > refreshing access token with scopes: ["email","https://www.googleapis.com/auth/cloud-platform","https://www.googleapis.com/auth/cloudplatformprojects.readonly","https://www.googleapis.com/auth/firebase","openid"]
[debug] [2021-07-24T11:09:59.715Z] >>> HTTP REQUEST POST https://www.googleapis.com/oauth2/v3/token  
 <request body omitted>
[debug] [2021-07-24T11:09:59.903Z] <<< HTTP RESPONSE 200 {"expires":"Mon, 01 Jan 1990 00:00:00 GMT","date":"Sat, 24 Jul 2021 11:10:00 GMT","cache-control":"no-cache, no-store, max-age=0, must-revalidate","pragma":"no-cache","content-type":"application/json; charset=utf-8","vary":"X-Origin, Referer, Origin,Accept-Encoding","server":"scaffolding on HTTPServer2","x-xss-protection":"0","x-frame-options":"SAMEORIGIN","x-content-type-options":"nosniff","alt-svc":"h3=\":443\"; ma=2592000,h3-29=\":443\"; ma=2592000,h3-T051=\":443\"; ma=2592000,h3-Q050=\":443\"; ma=2592000,h3-Q046=\":443\"; ma=2592000,h3-Q043=\":443\"; ma=2592000,quic=\":443\"; ma=2592000; v=\"46,43\"","accept-ranges":"none","transfer-encoding":"chunked"}
[debug] [2021-07-24T11:09:59.914Z] >>> HTTP REQUEST POST https://cloudresourcemanager.googleapis.com/v1/projects/chatting-application-92cca:testIamPermissions  
 {"permissions":["firebase.projects.get"]}
[debug] [2021-07-24T11:10:01.315Z] <<< HTTP RESPONSE 200 {"content-type":"application/json; charset=UTF-8","vary":"X-Origin, Referer, Origin,Accept-Encoding","date":"Sat, 24 Jul 2021 11:10:01 GMT","server":"ESF","cache-control":"private","x-xss-protection":"0","x-frame-options":"SAMEORIGIN","x-content-type-options":"nosniff","server-timing":"gfet4t7; dur=1327","alt-svc":"h3=\":443\"; ma=2592000,h3-29=\":443\"; ma=2592000,h3-T051=\":443\"; ma=2592000,h3-Q050=\":443\"; ma=2592000,h3-Q046=\":443\"; ma=2592000,h3-Q043=\":443\"; ma=2592000,quic=\":443\"; ma=2592000; v=\"46,43\"","accept-ranges":"none","transfer-encoding":"chunked"}
[debug] [2021-07-24T11:10:01.316Z] >>> HTTP REQUEST POST https://serviceusage.googleapis.com/v1/projects/chatting-application-92cca/services/cloudfunctions.googleapis.com:enable  
 
[debug] [2021-07-24T11:10:01.317Z] >>> HTTP REQUEST POST https://serviceusage.googleapis.com/v1/projects/chatting-application-92cca/services/runtimeconfig.googleapis.com:enable  
 
[debug] [2021-07-24T11:10:03.106Z] <<< HTTP RESPONSE 200 {"content-type":"application/json; charset=UTF-8","vary":"X-Origin, Referer, Origin,Accept-Encoding","date":"Sat, 24 Jul 2021 11:10:03 GMT","server":"ESF","cache-control":"private","x-xss-protection":"0","x-frame-options":"SAMEORIGIN","x-content-type-options":"nosniff","alt-svc":"h3=\":443\"; ma=2592000,h3-29=\":443\"; ma=2592000,h3-T051=\":443\"; ma=2592000,h3-Q050=\":443\"; ma=2592000,h3-Q046=\":443\"; ma=2592000,h3-Q043=\":443\"; ma=2592000,quic=\":443\"; ma=2592000; v=\"46,43\"","accept-ranges":"none","transfer-encoding":"chunked"}
[debug] [2021-07-24T11:10:03.494Z] <<< HTTP RESPONSE 200 {"content-type":"application/json; charset=UTF-8","vary":"X-Origin, Referer, Origin,Accept-Encoding","date":"Sat, 24 Jul 2021 11:10:04 GMT","server":"ESF","cache-control":"private","x-xss-protection":"0","x-frame-options":"SAMEORIGIN","x-content-type-options":"nosniff","alt-svc":"h3=\":443\"; ma=2592000,h3-29=\":443\"; ma=2592000,h3-T051=\":443\"; ma=2592000,h3-Q050=\":443\"; ma=2592000,h3-Q046=\":443\"; ma=2592000,h3-Q043=\":443\"; ma=2592000,quic=\":443\"; ma=2592000; v=\"46,43\"","accept-ranges":"none","transfer-encoding":"chunked"}
